2022-05-09 13:25:51.297 ERROR 18952 --- [restartedMain] o.s.b.d.LoggingFailureAnalysisReporter   : 

***************************
APPLICATION FAILED TO START
***************************

Description:

Failed to bind properties under 'logging.level.org.springframework.web' to org.springframework.boot.logging.LogLevel:

    Property: logging.level.org.springframework.web
    Value: DWARN
    Origin: class path resource [application.properties] - 3:39
    Reason: failed to convert java.lang.String to org.springframework.boot.logging.LogLevel (caused by java.lang.IllegalArgumentException: No enum constant org.springframework.boot.logging.LogLevel.DWARN)

Action:

Update your application's configuration. The following values are valid:

    DEBUG
    ERROR
    FATAL
    INFO
    OFF
    TRACE
    WARN

2022-05-09 13:26:25.014  WARN 14152 --- [restartedMain] JpaBaseConfiguration$JpaWebConfiguration : spring.jpa.open-in-view is enabled by default. Therefore, database queries may be performed during view rendering. Explicitly configure spring.jpa.open-in-view to disable this warning
2022-05-09 13:29:06.297  WARN 1328 --- [restartedMain] JpaBaseConfiguration$JpaWebConfiguration : spring.jpa.open-in-view is enabled by default. Therefore, database queries may be performed during view rendering. Explicitly configure spring.jpa.open-in-view to disable this warning
2022-05-09 13:31:56.169  WARN 5568 --- [restartedMain] JpaBaseConfiguration$JpaWebConfiguration : spring.jpa.open-in-view is enabled by default. Therefore, database queries may be performed during view rendering. Explicitly configure spring.jpa.open-in-view to disable this warning
2022-05-09 13:32:16.296  WARN 23676 --- [restartedMain] JpaBaseConfiguration$JpaWebConfiguration : spring.jpa.open-in-view is enabled by default. Therefore, database queries may be performed during view rendering. Explicitly configure spring.jpa.open-in-view to disable this warning
2022-05-09 13:32:50.618  INFO 12456 --- [restartedMain] c.e.EmployeePayrollApplication           : Starting EmployeePayrollApplication using Java 17.0.1 on LAPTOP-OG2LP9PD with PID 12456 (C:\Users\suraj\OneDrive\Documents\EmployeePayrollAppSpring1\employeepayroll\target\classes started by suraj in C:\Users\suraj\OneDrive\Documents\EmployeePayrollAppSpring1\employeepayroll)
2022-05-09 13:32:50.622  INFO 12456 --- [restartedMain] c.e.EmployeePayrollApplication           : No active profile set, falling back to 1 default profile: "default"
2022-05-09 13:32:50.708  INFO 12456 --- [restartedMain] .e.DevToolsPropertyDefaultsPostProcessor : Devtools property defaults active! Set 'spring.devtools.add-properties' to 'false' to disable
2022-05-09 13:32:50.708  INFO 12456 --- [restartedMain] .e.DevToolsPropertyDefaultsPostProcessor : For additional web related logging consider setting the 'logging.level.web' property to 'DEBUG'
2022-05-09 13:32:52.050  INFO 12456 --- [restartedMain] .s.d.r.c.RepositoryConfigurationDelegate : Bootstrapping Spring Data JPA repositories in DEFAULT mode.
2022-05-09 13:32:52.083  INFO 12456 --- [restartedMain] .s.d.r.c.RepositoryConfigurationDelegate : Finished Spring Data repository scanning in 14 ms. Found 0 JPA repository interfaces.
2022-05-09 13:32:53.010  INFO 12456 --- [restartedMain] o.s.b.w.embedded.tomcat.TomcatWebServer  : Tomcat initialized with port(s): 8080 (http)
2022-05-09 13:32:53.022  INFO 12456 --- [restartedMain] o.apache.catalina.core.StandardService   : Starting service [Tomcat]
2022-05-09 13:32:53.023  INFO 12456 --- [restartedMain] org.apache.catalina.core.StandardEngine  : Starting Servlet engine: [Apache Tomcat/9.0.62]
2022-05-09 13:32:53.167  INFO 12456 --- [restartedMain] o.a.c.c.C.[Tomcat].[localhost].[/]       : Initializing Spring embedded WebApplicationContext
2022-05-09 13:32:53.168  INFO 12456 --- [restartedMain] w.s.c.ServletWebServerApplicationContext : Root WebApplicationContext: initialization completed in 2459 ms
2022-05-09 13:32:53.304  INFO 12456 --- [restartedMain] com.zaxxer.hikari.HikariDataSource       : HikariPool-1 - Starting...
2022-05-09 13:32:53.782  INFO 12456 --- [restartedMain] com.zaxxer.hikari.HikariDataSource       : HikariPool-1 - Start completed.
2022-05-09 13:32:54.412  INFO 12456 --- [restartedMain] j.LocalContainerEntityManagerFactoryBean : Initialized JPA EntityManagerFactory for persistence unit 'default'
2022-05-09 13:32:54.476  WARN 12456 --- [restartedMain] JpaBaseConfiguration$JpaWebConfiguration : spring.jpa.open-in-view is enabled by default. Therefore, database queries may be performed during view rendering. Explicitly configure spring.jpa.open-in-view to disable this warning
2022-05-09 13:32:54.813  INFO 12456 --- [restartedMain] o.s.b.d.a.OptionalLiveReloadServer       : LiveReload server is running on port 35729
2022-05-09 13:32:54.866  INFO 12456 --- [restartedMain] o.s.b.w.embedded.tomcat.TomcatWebServer  : Tomcat started on port(s): 8080 (http) with context path ''
2022-05-09 13:32:54.880  INFO 12456 --- [restartedMain] c.e.EmployeePayrollApplication           : Started EmployeePayrollApplication in 4.993 seconds (JVM running for 6.791)
2022-05-09 13:33:54.610  INFO 12456 --- [SpringApplicationShutdownHook] j.LocalContainerEntityManagerFactoryBean : Closing JPA EntityManagerFactory for persistence unit 'default'
2022-05-09 13:33:54.615  INFO 12456 --- [SpringApplicationShutdownHook] com.zaxxer.hikari.HikariDataSource       : HikariPool-1 - Shutdown initiated...
2022-05-09 13:33:54.632  INFO 12456 --- [SpringApplicationShutdownHook] com.zaxxer.hikari.HikariDataSource       : HikariPool-1 - Shutdown completed.
2022-05-09 13:34:04.163  WARN 22680 --- [restartedMain] JpaBaseConfiguration$JpaWebConfiguration : spring.jpa.open-in-view is enabled by default. Therefore, database queries may be performed during view rendering. Explicitly configure spring.jpa.open-in-view to disable this warning
2022-05-09 13:35:23.782  WARN 20268 --- [restartedMain] JpaBaseConfiguration$JpaWebConfiguration : spring.jpa.open-in-view is enabled by default. Therefore, database queries may be performed during view rendering. Explicitly configure spring.jpa.open-in-view to disable this warning
2022-05-09 15:20:26.312  WARN 25768 --- [restartedMain] JpaBaseConfiguration$JpaWebConfiguration : spring.jpa.open-in-view is enabled by default. Therefore, database queries may be performed during view rendering. Explicitly configure spring.jpa.open-in-view to disable this warning
2022-05-09 15:20:50.551  INFO 19264 --- [restartedMain] c.e.EmployeePayrollApplication           : Starting EmployeePayrollApplication using Java 17.0.1 on LAPTOP-OG2LP9PD with PID 19264 (C:\Users\suraj\OneDrive\Documents\EmployeePayrollAppSpring1\employeepayroll\target\classes started by suraj in C:\Users\suraj\OneDrive\Documents\EmployeePayrollAppSpring1\employeepayroll)
2022-05-09 15:20:50.554  INFO 19264 --- [restartedMain] c.e.EmployeePayrollApplication           : No active profile set, falling back to 1 default profile: "default"
2022-05-09 15:20:50.616  INFO 19264 --- [restartedMain] .e.DevToolsPropertyDefaultsPostProcessor : Devtools property defaults active! Set 'spring.devtools.add-properties' to 'false' to disable
2022-05-09 15:20:50.616  INFO 19264 --- [restartedMain] .e.DevToolsPropertyDefaultsPostProcessor : For additional web related logging consider setting the 'logging.level.web' property to 'DEBUG'
2022-05-09 15:20:51.487  INFO 19264 --- [restartedMain] .s.d.r.c.RepositoryConfigurationDelegate : Bootstrapping Spring Data JPA repositories in DEFAULT mode.
2022-05-09 15:20:51.510  INFO 19264 --- [restartedMain] .s.d.r.c.RepositoryConfigurationDelegate : Finished Spring Data repository scanning in 11 ms. Found 0 JPA repository interfaces.
2022-05-09 15:20:52.260  INFO 19264 --- [restartedMain] o.s.b.w.embedded.tomcat.TomcatWebServer  : Tomcat initialized with port(s): 8080 (http)
2022-05-09 15:20:52.271  INFO 19264 --- [restartedMain] o.apache.catalina.core.StandardService   : Starting service [Tomcat]
2022-05-09 15:20:52.272  INFO 19264 --- [restartedMain] org.apache.catalina.core.StandardEngine  : Starting Servlet engine: [Apache Tomcat/9.0.62]
2022-05-09 15:20:52.398  INFO 19264 --- [restartedMain] o.a.c.c.C.[Tomcat].[localhost].[/]       : Initializing Spring embedded WebApplicationContext
2022-05-09 15:20:52.399  INFO 19264 --- [restartedMain] w.s.c.ServletWebServerApplicationContext : Root WebApplicationContext: initialization completed in 1782 ms
2022-05-09 15:20:52.525  INFO 19264 --- [restartedMain] com.zaxxer.hikari.HikariDataSource       : HikariPool-1 - Starting...
2022-05-09 15:20:52.898  INFO 19264 --- [restartedMain] com.zaxxer.hikari.HikariDataSource       : HikariPool-1 - Start completed.
2022-05-09 15:20:53.431  INFO 19264 --- [restartedMain] j.LocalContainerEntityManagerFactoryBean : Initialized JPA EntityManagerFactory for persistence unit 'default'
2022-05-09 15:20:53.507  WARN 19264 --- [restartedMain] JpaBaseConfiguration$JpaWebConfiguration : spring.jpa.open-in-view is enabled by default. Therefore, database queries may be performed during view rendering. Explicitly configure spring.jpa.open-in-view to disable this warning
2022-05-09 15:20:53.919  INFO 19264 --- [restartedMain] o.s.b.d.a.OptionalLiveReloadServer       : LiveReload server is running on port 35729
2022-05-09 15:20:53.973  INFO 19264 --- [restartedMain] o.s.b.w.embedded.tomcat.TomcatWebServer  : Tomcat started on port(s): 8080 (http) with context path ''
2022-05-09 15:20:53.990  INFO 19264 --- [restartedMain] c.e.EmployeePayrollApplication           : Started EmployeePayrollApplication in 3.909 seconds (JVM running for 4.923)
2022-05-09 15:20:53.995  INFO 19264 --- [restartedMain] c.e.EmployeePayrollApplication           : employee payroll app started
2022-05-09 21:06:52.343  WARN 19264 --- [HikariPool-1 housekeeper] com.zaxxer.hikari.pool.HikariPool        : HikariPool-1 - Thread starvation or clock leap detected (housekeeper delta=2h50m2s522ms694µs).
2022-05-09 22:57:57.211  INFO 19264 --- [SpringApplicationShutdownHook] j.LocalContainerEntityManagerFactoryBean : Closing JPA EntityManagerFactory for persistence unit 'default'
2022-05-09 22:57:57.343  INFO 19264 --- [SpringApplicationShutdownHook] com.zaxxer.hikari.HikariDataSource       : HikariPool-1 - Shutdown initiated...
2022-05-09 22:57:57.447  INFO 19264 --- [SpringApplicationShutdownHook] com.zaxxer.hikari.HikariDataSource       : HikariPool-1 - Shutdown completed.
